{
  "RSpec": {
    "coverage": {
      "/Users/apprentice/Desktop/GameZone/app/helpers/application_helper.rb": [
        1,
        null
      ],
      "/Users/apprentice/Desktop/GameZone/app/helpers/comments_helper.rb": [
        1,
        null
      ],
      "/Users/apprentice/Desktop/GameZone/app/helpers/games_helper.rb": [
        1,
        null,
        1,
        0,
        null,
        null,
        1,
        2,
        null,
        null,
        1,
        0,
        0,
        0,
        null,
        0,
        null,
        null,
        null,
        1,
        2,
        4,
        null,
        null,
        null
      ],
      "/Users/apprentice/Desktop/GameZone/app/helpers/sessions_helper.rb": [
        1,
        null
      ],
      "/Users/apprentice/Desktop/GameZone/app/helpers/types_helper.rb": [
        1,
        null
      ],
      "/Users/apprentice/Desktop/GameZone/app/helpers/users_helper.rb": [
        1,
        null
      ],
      "/Users/apprentice/Desktop/GameZone/app/helpers/welcome_helper.rb": [
        1,
        null
      ],
      "/Users/apprentice/Desktop/GameZone/app/models/game.rb": [
        1,
        1,
        1,
        1,
        1,
        1,
        1,
        null,
        1,
        null,
        null,
        null,
        null,
        null,
        null,
        null,
        0,
        0,
        null,
        null
      ],
      "/Users/apprentice/Desktop/GameZone/app/models/user.rb": [
        1,
        1,
        1,
        1,
        1,
        1,
        1,
        null,
        null
      ],
      "/Users/apprentice/Desktop/GameZone/app/models/ownership.rb": [
        1,
        1,
        1,
        null
      ]
    },
    "timestamp": 1432318659
  }
}
