{
  "RSpec": {
    "coverage": {
      "/Users/apprentice/Desktop/GameZone/app/helpers/application_helper.rb": [
        1,
        null
      ],
      "/Users/apprentice/Desktop/GameZone/app/helpers/comments_helper.rb": [
        1,
        null
      ],
      "/Users/apprentice/Desktop/GameZone/app/helpers/games_helper.rb": [
        1,
        null,
        1,
        0,
        null,
        null,
        1,
        2,
        null,
        null,
        1,
        0,
        0,
        0,
        null,
        0,
        null,
        null,
        null,
        1,
        1,
        3,
        null,
        null,
        null
      ],
      "/Users/apprentice/Desktop/GameZone/app/helpers/sessions_helper.rb": [
        1,
        null
      ],
      "/Users/apprentice/Desktop/GameZone/app/helpers/types_helper.rb": [
        1,
        null
      ],
      "/Users/apprentice/Desktop/GameZone/app/helpers/users_helper.rb": [
        1,
        null
      ],
      "/Users/apprentice/Desktop/GameZone/app/helpers/welcome_helper.rb": [
        1,
        null
      ],
      "/Users/apprentice/Desktop/GameZone/app/controllers/comments_controller.rb": [
        1,
        null,
        1,
        1,
        1,
        null,
        1,
        1,
        null,
        1,
        1,
        null,
        null,
        0,
        null,
        null,
        null,
        1,
        1,
        1,
        null,
        1,
        null,
        null,
        1,
        1,
        1,
        null,
        null
      ],
      "/Users/apprentice/Desktop/GameZone/app/controllers/application_controller.rb": [
        1,
        null,
        null,
        1,
        null,
        1,
        1,
        1,
        null,
        1,
        null,
        1,
        0,
        null,
        1,
        null,
        1,
        0,
        null,
        null
      ],
      "/Users/apprentice/Desktop/GameZone/app/controllers/games_controller.rb": [
        1,
        null,
        1,
        0,
        null,
        null,
        1,
        1,
        null,
        null,
        1,
        1,
        null,
        null,
        1,
        0,
        null,
        0,
        0,
        null,
        0,
        null,
        0,
        null,
        null,
        null,
        1,
        1,
        0,
        null,
        null,
        1,
        0,
        0,
        0,
        0,
        null,
        null,
        0,
        null,
        null
      ],
      "/Users/apprentice/Desktop/GameZone/app/controllers/ownerships_controller.rb": [
        1,
        null,
        1,
        null,
        null,
        null,
        2,
        2,
        null,
        null,
        1,
        1,
        1,
        null,
        null,
        null
      ],
      "/Users/apprentice/Desktop/GameZone/app/controllers/sessions_controller.rb": [
        1,
        null,
        1,
        null,
        null,
        1,
        0,
        0,
        0,
        0,
        null,
        0,
        null,
        null,
        null,
        1,
        1,
        1,
        null,
        null
      ],
      "/Users/apprentice/Desktop/GameZone/app/controllers/types_controller.rb": [
        1,
        null,
        1,
        1,
        null,
        null,
        1,
        2,
        2,
        null,
        null,
        null
      ],
      "/Users/apprentice/Desktop/GameZone/app/controllers/users_controller.rb": [
        1,
        null,
        1,
        0,
        0,
        null,
        null,
        null,
        1,
        1,
        null,
        null,
        1,
        2,
        null,
        2,
        2,
        2,
        null,
        0,
        null,
        null,
        null,
        1,
        0,
        0,
        null,
        null,
        1,
        1,
        2,
        null,
        null
      ],
      "/Users/apprentice/Desktop/GameZone/app/models/user.rb": [
        1,
        1,
        1,
        1,
        1,
        1,
        1,
        null,
        null
      ],
      "/Users/apprentice/Desktop/GameZone/app/models/game.rb": [
        1,
        1,
        1,
        1,
        1,
        1,
        1,
        null
      ],
      "/Users/apprentice/Desktop/GameZone/app/models/comment.rb": [
        1,
        1,
        1,
        null
      ],
      "/Users/apprentice/Desktop/GameZone/app/models/type.rb": [
        1,
        1,
        1,
        null
      ],
      "/Users/apprentice/Desktop/GameZone/app/models/ownership.rb": [
        1,
        1,
        1,
        null
      ],
      "/Users/apprentice/Desktop/GameZone/app/models/game_type.rb": [
        1,
        1,
        1,
        null
      ]
    },
    "timestamp": 1432315762
  }
}
